<?xml version="1.0" encoding="UTF-8"?>
<beans xmlns="http://www.springframework.org/schema/beans"
	xmlns:xsi="http://www.w3.org/2001/XMLSchema-instance"
	xmlns:context="http://www.springframework.org/schema/context"
	xmlns:util="http://www.springframework.org/schema/util"
	xsi:schemaLocation="http://www.springframework.org/schema/beans http://www.springframework.org/schema/beans/spring-beans-3.0.xsd
		http://www.springframework.org/schema/util http://www.springframework.org/schema/util/spring-util-2.5.xsd
		http://www.springframework.org/schema/context http://www.springframework.org/schema/context/spring-context-3.0.xsd">

	<bean name="myDs" class="org.springframework.jdbc.datasource.DriverManagerDataSource">
		<property name="url" value="jdbc:hsql:localdb" />
	</bean>

	<bean name="txAwareDXProxy" class="org.springframework.jdbc.datasource.TransactionAwareDataSourceProxy">
		<property name="targetDataSource" ref="myDs"/>
	</bean>

	<bean id="sessionFactory" class="org.springframework.orm.hibernate3.LocalSessionFactoryBean" lazy-init="true">
		<property name="dataSource" ref="myDs"/>
		<property name="hibernateProperties" ref="hibernateProperties"/>
	</bean>

	<bean id="hibernateProperties" class="org.springframework.beans.factory.config.PropertiesFactoryBean">
		<property name="properties">
			<bean class="org.springframework.beans.factory.config.PropertiesFactoryBean">
				<property name="location">
					<value>org/cloudfoundry/reconfiguration/data/orm/hibernate.test.properties</value>
				</property>
			</bean>
		</property>
	</bean>

</beans>
