<?xml version="1.0" encoding="UTF-8"?>
<beans xmlns="http://www.springframework.org/schema/beans"
	xmlns:xsi="http://www.w3.org/2001/XMLSchema-instance" xmlns:context="http://www.springframework.org/schema/context"
	xmlns:rabbit="http://www.springframework.org/schema/rabbit"
	xsi:schemaLocation="http://www.springframework.org/schema/beans http://www.springframework.org/schema/beans/spring-beans-3.0.xsd
	    http://www.springframework.org/schema/rabbit http://www.springframework.org/schema/rabbit/spring-rabbit-1.0.xsd
		http://www.springframework.org/schema/context http://www.springframework.org/schema/context/spring-context-3.0.xsd">

	<rabbit:connection-factory id="rabbitConnectionFactory"
		host="localhost" password="testpwd" port="1238" username="testuser"
		virtual-host="virthost" />

	<!-- Instantiates the FakeFactoryBean, which will cause an Exception if
		our bean scan is prematurely instantiating FactoryBeans (allowEagerInit=true) -->
	<context:component-scan base-package="org.cloudfoundry.reconfiguration.test" />

</beans>
