<?xml version="1.0" encoding="UTF-8"?>
<beans xmlns="http://www.springframework.org/schema/beans"
	xmlns:xsi="http://www.w3.org/2001/XMLSchema-instance" xmlns:context="http://www.springframework.org/schema/context"
	xsi:schemaLocation="http://www.springframework.org/schema/beans http://www.springframework.org/schema/beans/spring-beans-3.0.xsd
		http://www.springframework.org/schema/context http://www.springframework.org/schema/context/spring-context-3.0.xsd">

	<bean name="redisConnection" class="org.springframework.data.redis.connection.jedis.JedisConnectionFactory">
		<property name="hostName" value="localhost"/>
		<property name="port" value="6789"/>
		<property name="password" value="localpass"/>
	</bean>

	<!-- Instantiates the FakeFactoryBean, which will cause an Exception if
		our bean scan is prematurely instantiating FactoryBeans (allowEagerInit=true) -->
	<context:component-scan base-package="org.cloudfoundry.reconfiguration.test" />

</beans>
